C51 COMPILER V9.02   MAIN                                                                  07/22/2021 04:22:25 PAGE 1   


C51 COMPILER V9.02, COMPILATION OF MODULE MAIN
OBJECT MODULE PLACED IN .\Obj\main.obj
COMPILER INVOKED BY: C:\Keil\C51\BIN\C51.EXE main.c LARGE OMF2 ROM(COMPACT) BROWSE DEBUG PRINT(.\Obj\main.lst) OBJECT(.\
                    -Obj\main.obj)

line level    source

   1          #include "include.h"
   2          
   3          void main(void)
   4          {
   5   1              P0M1=P0M0=P1M1=P1M0=P2M1=P2M0=P3M1=P3M0=P4M1=P4M0=P5M1=P5M0=P6M1=P6M0=P7M1=P7M0= 0;     
   6   1              //全部设置成准双向口
   7   1              
   8   1              InitPWM();              //里面有初始化Timer0，初始化舵机的PWM，
   9   1      
  10   1              InitTimer3();   //初始化Timer3,用于产生100us的定时中断
  11   1              InitUart1();    //波特率 用Timer1产生，用于与PC端进行通信
  12   1              InitUart2();
  13   1              InitADC();
  14   1              InitBusServoCtrl();
  15   1              
  16   1              P3M0 |= 0x80;   //蜂鸣器控制引脚推挽输出
  17   1              EA = 1;                 //开总中断
  18   1              InitFlash();
  19   1              InitMemory();
  20   1              LED = LED_ON;
  21   1              for(;;)
  22   1              {
  23   2                      TaskRun();
  24   2              }
  25   1      }
  26          


MODULE INFORMATION:   STATIC OVERLAYABLE
   CODE SIZE        =     69    ----
   CONSTANT SIZE    =   ----    ----
   XDATA SIZE       =   ----    ----
   PDATA SIZE       =   ----    ----
   DATA SIZE        =   ----    ----
   IDATA SIZE       =   ----    ----
   BIT SIZE         =   ----    ----
   EDATA SIZE       =   ----    ----
   HDATA SIZE       =   ----    ----
   XDATA CONST SIZE =   ----    ----
   FAR CONST SIZE   =   ----    ----
END OF MODULE INFORMATION.


C51 COMPILATION COMPLETE.  0 WARNING(S),  0 ERROR(S)
